Jul 27 08:04:41 ubuntu systemd[1]: Starting cloud-init-local.service - Initial cloud-init job (pre-networking)...
Jul 27 08:04:43 ubuntu cloud-init[616]: Cloud-init v. 24.1.3-0ubuntu3.3 running 'init-local' at Sat, 27 Jul 2024 08:04:43 +0000. Up 20.41 seconds.
Jul 27 08:04:46 ubuntu systemd[1]: Finished cloud-init-local.service - Initial cloud-init job (pre-networking).
Jul 27 08:04:47 ubuntu systemd[1]: Starting cloud-init.service - Initial cloud-init job (metadata service crawler)...
Jul 27 08:04:48 ubuntu cloud-init[684]: Cloud-init v. 24.1.3-0ubuntu3.3 running 'init' at Sat, 27 Jul 2024 08:04:48 +0000. Up 25.04 seconds.
Jul 27 08:04:48 ubuntu cloud-init[684]: ci-info: ++++++++++++++++++++++++++++++++++++++Net device info+++++++++++++++++++++++++++++++++++++++
Jul 27 08:04:48 ubuntu cloud-init[684]: ci-info: +--------+------+-----------------------------+---------------+--------+-------------------+
Jul 27 08:04:48 ubuntu cloud-init[684]: ci-info: | Device |  Up  |           Address           |      Mask     | Scope  |     Hw-Address    |
Jul 27 08:04:48 ubuntu cloud-init[684]: ci-info: +--------+------+-----------------------------+---------------+--------+-------------------+
Jul 27 08:04:48 ubuntu cloud-init[684]: ci-info: |  eth0  | True |        89.116.52.173        | 255.255.255.0 | global | 0a:17:75:4e:a2:66 |
Jul 27 08:04:48 ubuntu cloud-init[684]: ci-info: |  eth0  | True |    2a02:4780:d:3d4::1/64    |       .       | global | 0a:17:75:4e:a2:66 |
Jul 27 08:04:48 ubuntu cloud-init[684]: ci-info: |  eth0  | True | fe80::817:75ff:fe4e:a266/64 |       .       |  link  | 0a:17:75:4e:a2:66 |
Jul 27 08:04:48 ubuntu cloud-init[684]: ci-info: |   lo   | True |          127.0.0.1          |   255.0.0.0   |  host  |         .         |
Jul 27 08:04:48 ubuntu cloud-init[684]: ci-info: |   lo   | True |           ::1/128           |       .       |  host  |         .         |
Jul 27 08:04:48 ubuntu cloud-init[684]: ci-info: +--------+------+-----------------------------+---------------+--------+-------------------+
Jul 27 08:04:48 ubuntu cloud-init[684]: ci-info: +++++++++++++++++++++++++++++Route IPv4 info+++++++++++++++++++++++++++++
Jul 27 08:04:48 ubuntu cloud-init[684]: ci-info: +-------+-------------+-------------+---------------+-----------+-------+
Jul 27 08:04:48 ubuntu cloud-init[684]: ci-info: | Route | Destination |   Gateway   |    Genmask    | Interface | Flags |
Jul 27 08:04:48 ubuntu cloud-init[684]: ci-info: +-------+-------------+-------------+---------------+-----------+-------+
Jul 27 08:04:48 ubuntu cloud-init[684]: ci-info: |   0   |   0.0.0.0   | 169.254.0.1 |    0.0.0.0    |    eth0   |   UG  |
Jul 27 08:04:48 ubuntu cloud-init[684]: ci-info: |   1   | 89.116.52.0 |   0.0.0.0   | 255.255.255.0 |    eth0   |   U   |
Jul 27 08:04:48 ubuntu cloud-init[684]: ci-info: +-------+-------------+-------------+---------------+-----------+-------+
Jul 27 08:04:48 ubuntu cloud-init[684]: ci-info: +++++++++++++++++++++++Route IPv6 info++++++++++++++++++++++++
Jul 27 08:04:48 ubuntu cloud-init[684]: ci-info: +-------+----------------------+---------+-----------+-------+
Jul 27 08:04:48 ubuntu cloud-init[684]: ci-info: | Route |     Destination      | Gateway | Interface | Flags |
Jul 27 08:04:48 ubuntu cloud-init[684]: ci-info: +-------+----------------------+---------+-----------+-------+
Jul 27 08:04:48 ubuntu cloud-init[684]: ci-info: |   0   | 2a02:4780:d:3d4::/64 |    ::   |    eth0   |   U   |
Jul 27 08:04:48 ubuntu cloud-init[684]: ci-info: |   1   |      fe80::/64       |    ::   |    eth0   |   U   |
Jul 27 08:04:48 ubuntu cloud-init[684]: ci-info: |   2   |         ::/0         | fe80::1 |    eth0   |   UG  |
Jul 27 08:04:48 ubuntu cloud-init[684]: ci-info: |   4   |        local         |    ::   |    eth0   |   U   |
Jul 27 08:04:48 ubuntu cloud-init[684]: ci-info: |   5   |        local         |    ::   |    eth0   |   U   |
Jul 27 08:04:48 ubuntu cloud-init[684]: ci-info: |   6   |      multicast       |    ::   |    eth0   |   U   |
Jul 27 08:04:48 ubuntu cloud-init[684]: ci-info: +-------+----------------------+---------+-----------+-------+
Jul 27 08:04:49 ubuntu-24 useradd[761]: new group: name=ubuntu, GID=1000
Jul 27 08:04:49 ubuntu-24 useradd[761]: new user: name=ubuntu, UID=1000, GID=1000, home=/home/ubuntu, shell=/bin/bash, from=none
Jul 27 08:04:49 ubuntu-24 useradd[761]: add 'ubuntu' to group 'adm'
Jul 27 08:04:49 ubuntu-24 useradd[761]: add 'ubuntu' to group 'cdrom'
Jul 27 08:04:49 ubuntu-24 useradd[761]: add 'ubuntu' to group 'sudo'
Jul 27 08:04:49 ubuntu-24 useradd[761]: add 'ubuntu' to group 'dip'
Jul 27 08:04:49 ubuntu-24 useradd[761]: add 'ubuntu' to group 'lxd'
Jul 27 08:04:49 ubuntu-24 useradd[761]: add 'ubuntu' to shadow group 'adm'
Jul 27 08:04:49 ubuntu-24 useradd[761]: add 'ubuntu' to shadow group 'cdrom'
Jul 27 08:04:49 ubuntu-24 useradd[761]: add 'ubuntu' to shadow group 'sudo'
Jul 27 08:04:49 ubuntu-24 useradd[761]: add 'ubuntu' to shadow group 'dip'
Jul 27 08:04:49 ubuntu-24 useradd[761]: add 'ubuntu' to shadow group 'lxd'
Jul 27 08:04:49 ubuntu-24 passwd[769]: password for 'ubuntu' changed by 'root'
Jul 27 08:04:50 ubuntu-24 cloud-init[684]: Generating public/private rsa key pair.
Jul 27 08:04:50 ubuntu-24 cloud-init[684]: Your identification has been saved in /etc/ssh/ssh_host_rsa_key
Jul 27 08:04:50 ubuntu-24 cloud-init[684]: Your public key has been saved in /etc/ssh/ssh_host_rsa_key.pub
Jul 27 08:04:50 ubuntu-24 cloud-init[684]: The key fingerprint is:
Jul 27 08:04:50 ubuntu-24 cloud-init[684]: SHA256:JK+FDJ5uMdOa5MzaCWnurQhjuHBfgUrN14PLjDV5ybs root@ubuntu-24
Jul 27 08:04:50 ubuntu-24 cloud-init[684]: The key's randomart image is:
Jul 27 08:04:50 ubuntu-24 cloud-init[684]: +---[RSA 3072]----+
Jul 27 08:04:50 ubuntu-24 cloud-init[684]: |                 |
Jul 27 08:04:50 ubuntu-24 cloud-init[684]: |                 |
Jul 27 08:04:50 ubuntu-24 cloud-init[684]: |    . . .        |
Jul 27 08:04:50 ubuntu-24 cloud-init[684]: |   + * X .       |
Jul 27 08:04:50 ubuntu-24 cloud-init[684]: |  . @ @ S        |
Jul 27 08:04:50 ubuntu-24 cloud-init[684]: |.. O % B o       |
Jul 27 08:04:50 ubuntu-24 cloud-init[684]: |=.* X * .        |
Jul 27 08:04:50 ubuntu-24 cloud-init[684]: |+B B o   .       |
Jul 27 08:04:50 ubuntu-24 cloud-init[684]: |o.=.=   E        |
Jul 27 08:04:50 ubuntu-24 cloud-init[684]: +----[SHA256]-----+
Jul 27 08:04:50 ubuntu-24 cloud-init[684]: Generating public/private ecdsa key pair.
Jul 27 08:04:50 ubuntu-24 cloud-init[684]: Your identification has been saved in /etc/ssh/ssh_host_ecdsa_key
Jul 27 08:04:50 ubuntu-24 cloud-init[684]: Your public key has been saved in /etc/ssh/ssh_host_ecdsa_key.pub
Jul 27 08:04:50 ubuntu-24 cloud-init[684]: The key fingerprint is:
Jul 27 08:04:50 ubuntu-24 cloud-init[684]: SHA256:hgmFlTdRaUNlY4hUC89IYwBJbm4mUin1BYRCjoFePls root@ubuntu-24
Jul 27 08:04:50 ubuntu-24 cloud-init[684]: The key's randomart image is:
Jul 27 08:04:50 ubuntu-24 cloud-init[684]: +---[ECDSA 256]---+
Jul 27 08:04:50 ubuntu-24 cloud-init[684]: |+..+=*=+B*++=    |
Jul 27 08:04:50 ubuntu-24 cloud-init[684]: |=o.=oo.o+*=+ .   |
Jul 27 08:04:50 ubuntu-24 cloud-init[684]: |+o= =  ..o+.     |
Jul 27 08:04:50 ubuntu-24 cloud-init[684]: | + = E o         |
Jul 27 08:04:50 ubuntu-24 cloud-init[684]: |. . B o S        |
Jul 27 08:04:50 ubuntu-24 cloud-init[684]: | . =   .         |
Jul 27 08:04:50 ubuntu-24 cloud-init[684]: |                 |
Jul 27 08:04:50 ubuntu-24 cloud-init[684]: |                 |
Jul 27 08:04:50 ubuntu-24 cloud-init[684]: |                 |
Jul 27 08:04:50 ubuntu-24 cloud-init[684]: +----[SHA256]-----+
Jul 27 08:04:50 ubuntu-24 cloud-init[684]: Generating public/private ed25519 key pair.
Jul 27 08:04:50 ubuntu-24 cloud-init[684]: Your identification has been saved in /etc/ssh/ssh_host_ed25519_key
Jul 27 08:04:50 ubuntu-24 cloud-init[684]: Your public key has been saved in /etc/ssh/ssh_host_ed25519_key.pub
Jul 27 08:04:50 ubuntu-24 cloud-init[684]: The key fingerprint is:
Jul 27 08:04:50 ubuntu-24 cloud-init[684]: SHA256:J71ljiIvCi8PSlFwgNy6gi6XaOLMzvzoK2+rthl4XaE root@ubuntu-24
Jul 27 08:04:50 ubuntu-24 cloud-init[684]: The key's randomart image is:
Jul 27 08:04:50 ubuntu-24 cloud-init[684]: +--[ED25519 256]--+
Jul 27 08:04:50 ubuntu-24 cloud-init[684]: |ooo.             |
Jul 27 08:04:50 ubuntu-24 cloud-init[684]: |..o.             |
Jul 27 08:04:50 ubuntu-24 cloud-init[684]: |  ..  .          |
Jul 27 08:04:50 ubuntu-24 cloud-init[684]: | ..  . . .       |
Jul 27 08:04:50 ubuntu-24 cloud-init[684]: |... E . S o o    |
Jul 27 08:04:50 ubuntu-24 cloud-init[684]: |+... .   o *     |
Jul 27 08:04:50 ubuntu-24 cloud-init[684]: |+++.. . . o .    |
Jul 27 08:04:50 ubuntu-24 cloud-init[684]: |@*O+  .o .       |
Jul 27 08:04:50 ubuntu-24 cloud-init[684]: |%^*=+. ..        |
Jul 27 08:04:50 ubuntu-24 cloud-init[684]: +----[SHA256]-----+
Jul 27 08:04:50 ubuntu-24 systemd[1]: Finished cloud-init.service - Initial cloud-init job (metadata service crawler).
Jul 27 08:04:50 ubuntu-24 systemd[1]: Reached target cloud-config.target - Cloud-config availability.
Jul 27 08:04:50 ubuntu-24 systemd[1]: Listening on cloud-init-hotplugd.socket - cloud-init hotplug hook socket.
Jul 27 08:04:50 ubuntu-24 systemd[1]: Starting cloud-config.service - Apply the settings specified in cloud-config...
Jul 27 08:04:55 ubuntu-24 cloud-init[937]: Cloud-init v. 24.1.3-0ubuntu3.3 running 'modules:config' at Sat, 27 Jul 2024 08:04:55 +0000. Up 32.47 seconds.
Jul 27 08:04:57 ubuntu-24 systemd[1]: Finished cloud-config.service - Apply the settings specified in cloud-config.
Jul 27 08:04:58 ubuntu-24 systemd[1]: Starting cloud-final.service - Execute cloud user/final scripts...
Jul 27 08:04:58 ubuntu-24 cloud-init[1008]: Cloud-init v. 24.1.3-0ubuntu3.3 running 'modules:final' at Sat, 27 Jul 2024 08:04:58 +0000. Up 35.59 seconds.
Jul 27 08:04:59 ubuntu-24 cloud-init[1008]: Hit:1 http://security.ubuntu.com/ubuntu noble-security InRelease
Jul 27 08:04:59 ubuntu-24 cloud-init[1008]: Hit:2 http://archive.ubuntu.com/ubuntu noble InRelease
Jul 27 08:04:59 ubuntu-24 cloud-init[1008]: Hit:3 http://archive.ubuntu.com/ubuntu noble-updates InRelease
Jul 27 08:05:00 ubuntu-24 cloud-init[1008]: Hit:4 http://archive.ubuntu.com/ubuntu noble-backports InRelease
Jul 27 08:05:11 ubuntu-24 cloud-init[1008]: Reading package lists...
Jul 27 08:05:11 ubuntu-24 cloud-init[1008]: Reading package lists...
Jul 27 08:05:12 ubuntu-24 cloud-init[1008]: Building dependency tree...
Jul 27 08:05:12 ubuntu-24 cloud-init[1008]: Reading state information...
Jul 27 08:05:12 ubuntu-24 cloud-init[1008]: Calculating upgrade...
Jul 27 08:05:13 ubuntu-24 cloud-init[1008]: 0 upgraded, 0 newly installed, 0 to remove and 0 not upgraded.
Jul 27 08:05:14 ubuntu-24 cloud-init[1366]: #############################################################
Jul 27 08:05:14 ubuntu-24 cloud-init[1369]: 256 SHA256:hgmFlTdRaUNlY4hUC89IYwBJbm4mUin1BYRCjoFePls root@ubuntu-24 (ECDSA)
Jul 27 08:05:14 ubuntu-24 cloud-init[1371]: 256 SHA256:J71ljiIvCi8PSlFwgNy6gi6XaOLMzvzoK2+rthl4XaE root@ubuntu-24 (ED25519)
Jul 27 08:05:14 ubuntu-24 cloud-init[1374]: -----END SSH HOST KEY FINGERPRINTS-----
Jul 27 08:05:14 ubuntu-24 cloud-init[1008]: Cloud-init v. 24.1.3-0ubuntu3.3 finished at Sat, 27 Jul 2024 08:05:14 +0000. Datasource DataSourceNoCloud [seed=/dev/sr0][dsmode=net].  Up 51.28 seconds
Jul 27 08:05:14 ubuntu-24 systemd[1]: Finished cloud-final.service - Execute cloud user/final scripts.
Jul 27 08:05:14 ubuntu-24 systemd[1]: Reached target cloud-init.target - Cloud-init target.
-- Boot a78c292d87854a3c845246cfafe6222e --
Aug 12 07:45:20 ubuntu-24 systemd[1]: Starting cloud-init-local.service - Initial cloud-init job (pre-networking)...
Aug 12 07:45:20 ubuntu-24 cloud-init[648]: Cloud-init v. 24.1.3-0ubuntu3.3 running 'init-local' at Mon, 12 Aug 2024 07:45:20 +0000. Up 4.03 seconds.
Aug 12 07:45:21 ubuntu-24 systemd[1]: Finished cloud-init-local.service - Initial cloud-init job (pre-networking).
Aug 12 07:45:22 ubuntu-24 systemd[1]: Starting cloud-init.service - Initial cloud-init job (metadata service crawler)...
Aug 12 07:45:23 ubuntu-24 cloud-init[717]: Cloud-init v. 24.1.3-0ubuntu3.3 running 'init' at Mon, 12 Aug 2024 07:45:23 +0000. Up 6.57 seconds.
Aug 12 07:45:23 ubuntu-24 cloud-init[717]: ci-info: +++++++++++++++++++++++++++++++++++++++Net device info+++++++++++++++++++++++++++++++++++++++
Aug 12 07:45:23 ubuntu-24 cloud-init[717]: ci-info: +--------+------+------------------------------+---------------+--------+-------------------+
Aug 12 07:45:23 ubuntu-24 cloud-init[717]: ci-info: | Device |  Up  |           Address            |      Mask     | Scope  |     Hw-Address    |
Aug 12 07:45:23 ubuntu-24 cloud-init[717]: ci-info: +--------+------+------------------------------+---------------+--------+-------------------+
Aug 12 07:45:23 ubuntu-24 cloud-init[717]: ci-info: |  eth0  | True |        82.112.230.236        | 255.255.255.0 | global | bc:24:11:5a:b1:d8 |
Aug 12 07:45:23 ubuntu-24 cloud-init[717]: ci-info: |  eth0  | True |   2a02:4780:12:eebf::1/48    |       .       | global | bc:24:11:5a:b1:d8 |
Aug 12 07:45:23 ubuntu-24 cloud-init[717]: ci-info: |  eth0  | True | fe80::be24:11ff:fe5a:b1d8/64 |       .       |  link  | bc:24:11:5a:b1:d8 |
Aug 12 07:45:23 ubuntu-24 cloud-init[717]: ci-info: |   lo   | True |          127.0.0.1           |   255.0.0.0   |  host  |         .         |
Aug 12 07:45:23 ubuntu-24 cloud-init[717]: ci-info: |   lo   | True |           ::1/128            |       .       |  host  |         .         |
Aug 12 07:45:23 ubuntu-24 cloud-init[717]: ci-info: +--------+------+------------------------------+---------------+--------+-------------------+
Aug 12 07:45:23 ubuntu-24 cloud-init[717]: ci-info: +++++++++++++++++++++++++++++++Route IPv4 info+++++++++++++++++++++++++++++++
Aug 12 07:45:23 ubuntu-24 cloud-init[717]: ci-info: +-------+--------------+----------------+---------------+-----------+-------+
Aug 12 07:45:23 ubuntu-24 cloud-init[717]: ci-info: | Route | Destination  |    Gateway     |    Genmask    | Interface | Flags |
Aug 12 07:45:23 ubuntu-24 cloud-init[717]: ci-info: +-------+--------------+----------------+---------------+-----------+-------+
Aug 12 07:45:23 ubuntu-24 cloud-init[717]: ci-info: |   0   |   0.0.0.0    | 82.112.230.254 |    0.0.0.0    |    eth0   |   UG  |
Aug 12 07:45:23 ubuntu-24 cloud-init[717]: ci-info: |   1   | 82.112.230.0 |    0.0.0.0     | 255.255.255.0 |    eth0   |   U   |
Aug 12 07:45:23 ubuntu-24 cloud-init[717]: ci-info: +-------+--------------+----------------+---------------+-----------+-------+
Aug 12 07:45:23 ubuntu-24 cloud-init[717]: ci-info: ++++++++++++++++++++++++++Route IPv6 info++++++++++++++++++++++++++
Aug 12 07:45:23 ubuntu-24 cloud-init[717]: ci-info: +-------+-------------------+-----------------+-----------+-------+
Aug 12 07:45:23 ubuntu-24 cloud-init[717]: ci-info: | Route |    Destination    |     Gateway     | Interface | Flags |
Aug 12 07:45:23 ubuntu-24 cloud-init[717]: ci-info: +-------+-------------------+-----------------+-----------+-------+
Aug 12 07:45:23 ubuntu-24 cloud-init[717]: ci-info: |   0   | 2a02:4780:12::/48 |        ::       |    eth0   |   U   |
Aug 12 07:45:23 ubuntu-24 cloud-init[717]: ci-info: |   1   |     fe80::/64     |        ::       |    eth0   |   U   |
Aug 12 07:45:23 ubuntu-24 cloud-init[717]: ci-info: |   2   |        ::/0       | 2a02:4780:12::1 |    eth0   |   UG  |
Aug 12 07:45:23 ubuntu-24 cloud-init[717]: ci-info: |   4   |       local       |        ::       |    eth0   |   U   |
Aug 12 07:45:23 ubuntu-24 cloud-init[717]: ci-info: |   5   |       local       |        ::       |    eth0   |   U   |
Aug 12 07:45:23 ubuntu-24 cloud-init[717]: ci-info: |   6   |     multicast     |        ::       |    eth0   |   U   |
Aug 12 07:45:23 ubuntu-24 cloud-init[717]: ci-info: +-------+-------------------+-----------------+-----------+-------+
Aug 12 07:45:23 srv579909 cloud-init[717]: 2024-08-12 07:45:23,924 - log.py[DEPRECATED]: 'user' of type string is deprecated in 22.2 and scheduled to be removed in 27.2. Use 'users' list instead.
Aug 12 07:45:23 srv579909 passwd[804]: password for 'root' changed by 'root'
Aug 12 07:45:24 srv579909 cloud-init[717]: Generating public/private rsa key pair.
Aug 12 07:45:24 srv579909 cloud-init[717]: Your identification has been saved in /etc/ssh/ssh_host_rsa_key
Aug 12 07:45:24 srv579909 cloud-init[717]: Your public key has been saved in /etc/ssh/ssh_host_rsa_key.pub
Aug 12 07:45:24 srv579909 cloud-init[717]: The key fingerprint is:
Aug 12 07:45:24 srv579909 cloud-init[717]: SHA256:RhNWIoFLnkv0Ot8SeXA8G8ZMjXZuopmzZQxAEULk7qI root@srv579909
Aug 12 07:45:24 srv579909 cloud-init[717]: The key's randomart image is:
Aug 12 07:45:24 srv579909 cloud-init[717]: +---[RSA 3072]----+
Aug 12 07:45:24 srv579909 cloud-init[717]: | o+.++o.++.      |
Aug 12 07:45:24 srv579909 cloud-init[717]: | . .=  o+oo      |
Aug 12 07:45:24 srv579909 cloud-init[717]: |  .+ = *oo       |
Aug 12 07:45:24 srv579909 cloud-init[717]: | .  = +.X.o      |
Aug 12 07:45:24 srv579909 cloud-init[717]: |  .. o @S*       |
Aug 12 07:45:24 srv579909 cloud-init[717]: | .  + B.*        |
Aug 12 07:45:24 srv579909 cloud-init[717]: |. .  o O         |
Aug 12 07:45:24 srv579909 cloud-init[717]: |..    + .        |
Aug 12 07:45:24 srv579909 cloud-init[717]: |E      .         |
Aug 12 07:45:24 srv579909 cloud-init[717]: +----[SHA256]-----+
Aug 12 07:45:24 srv579909 cloud-init[717]: Generating public/private ecdsa key pair.
Aug 12 07:45:24 srv579909 cloud-init[717]: Your identification has been saved in /etc/ssh/ssh_host_ecdsa_key
Aug 12 07:45:24 srv579909 cloud-init[717]: Your public key has been saved in /etc/ssh/ssh_host_ecdsa_key.pub
Aug 12 07:45:24 srv579909 cloud-init[717]: The key fingerprint is:
Aug 12 07:45:24 srv579909 cloud-init[717]: SHA256:EkvrHYY2iAfGEeF5aqctUAWhq3uXuwA99SPyyuoYYtA root@srv579909
Aug 12 07:45:24 srv579909 cloud-init[717]: The key's randomart image is:
Aug 12 07:45:24 srv579909 cloud-init[717]: +---[ECDSA 256]---+
Aug 12 07:45:24 srv579909 cloud-init[717]: |  *=.            |
Aug 12 07:45:24 srv579909 cloud-init[717]: | + +             |
Aug 12 07:45:24 srv579909 cloud-init[717]: |. B o o          |
Aug 12 07:45:24 srv579909 cloud-init[717]: | * * + =         |
Aug 12 07:45:24 srv579909 cloud-init[717]: |= E = X S        |
Aug 12 07:45:24 srv579909 cloud-init[717]: |o+ O + * .       |
Aug 12 07:45:24 srv579909 cloud-init[717]: |+.+ o.. .        |
Aug 12 07:45:24 srv579909 cloud-init[717]: |++.+o            |
Aug 12 07:45:24 srv579909 cloud-init[717]: |=+o.oo           |
Aug 12 07:45:24 srv579909 cloud-init[717]: +----[SHA256]-----+
Aug 12 07:45:24 srv579909 cloud-init[717]: Generating public/private ed25519 key pair.
Aug 12 07:45:24 srv579909 cloud-init[717]: Your identification has been saved in /etc/ssh/ssh_host_ed25519_key
Aug 12 07:45:24 srv579909 cloud-init[717]: Your public key has been saved in /etc/ssh/ssh_host_ed25519_key.pub
Aug 12 07:45:24 srv579909 cloud-init[717]: The key fingerprint is:
Aug 12 07:45:24 srv579909 cloud-init[717]: SHA256:fzDwTQe4MPDMZJLjsEGJMijGx1115XPfSia+Db+IrN0 root@srv579909
Aug 12 07:45:24 srv579909 cloud-init[717]: The key's randomart image is:
Aug 12 07:45:24 srv579909 cloud-init[717]: +--[ED25519 256]--+
Aug 12 07:45:24 srv579909 cloud-init[717]: |o .oo.+++. oo.   |
Aug 12 07:45:24 srv579909 cloud-init[717]: |=o.o+.oBo o ..   |
Aug 12 07:45:24 srv579909 cloud-init[717]: |oo.  = .=o ..o.. |
Aug 12 07:45:24 srv579909 cloud-init[717]: |    . .  o.o .o o|
Aug 12 07:45:24 srv579909 cloud-init[717]: |        S + o o o|
Aug 12 07:45:24 srv579909 cloud-init[717]: |         . + + . |
Aug 12 07:45:24 srv579909 cloud-init[717]: |          . + .  |
Aug 12 07:45:24 srv579909 cloud-init[717]: |         o + *   |
Aug 12 07:45:24 srv579909 cloud-init[717]: |        ..+ E +. |
Aug 12 07:45:24 srv579909 cloud-init[717]: +----[SHA256]-----+
Aug 12 07:45:24 srv579909 systemd[1]: Finished cloud-init.service - Initial cloud-init job (metadata service crawler).
Aug 12 07:45:24 srv579909 systemd[1]: Reached target cloud-config.target - Cloud-config availability.
Aug 12 07:45:24 srv579909 systemd[1]: Listening on cloud-init-hotplugd.socket - cloud-init hotplug hook socket.
Aug 12 07:45:24 srv579909 systemd[1]: Starting cloud-config.service - Apply the settings specified in cloud-config...
Aug 12 07:45:24 srv579909 cloud-init[1003]: Cloud-init v. 24.1.3-0ubuntu3.3 running 'modules:config' at Mon, 12 Aug 2024 07:45:24 +0000. Up 8.42 seconds.
Aug 12 07:45:25 srv579909 cloud-init[1003]: 2024-08-12 07:45:25,026 - log.py[DEPRECATED]: 'user' of type string is deprecated in 22.2 and scheduled to be removed in 27.2. Use 'users' list instead.
Aug 12 07:45:25 srv579909 systemd[1]: Finished cloud-config.service - Apply the settings specified in cloud-config.
Aug 12 07:45:25 srv579909 systemd[1]: Starting cloud-final.service - Execute cloud user/final scripts...
Aug 12 07:45:25 srv579909 cloud-init[1068]: Cloud-init v. 24.1.3-0ubuntu3.3 running 'modules:final' at Mon, 12 Aug 2024 07:45:25 +0000. Up 8.90 seconds.
Aug 12 07:45:25 srv579909 cloud-init[1068]: none
Aug 12 07:45:28 srv579909 cloud-init[1068]: Failed to restart sshd.service: Unit sshd.service not found.
Aug 12 07:45:37 srv579909 cloud-init[1068]: Failed to restart sshd.service: Unit sshd.service not found.
Aug 12 07:45:37 srv579909 cloud-init[1068]: 2024-08-12 07:45:37,641 - cc_scripts_user.py[WARNING]: Failed to run module scripts_user (scripts in /var/lib/cloud/instance/scripts)
Aug 12 07:45:37 srv579909 cloud-init[1068]: 2024-08-12 07:45:37,641 - util.py[WARNING]: Running module scripts_user (<module 'cloudinit.config.cc_scripts_user' from '/usr/lib/python3/dist-packages/cloudinit/config/cc_scripts_user.py'>) failed
Aug 12 07:45:37 srv579909 cloud-init[1068]: 2024-08-12 07:45:37,647 - log.py[DEPRECATED]: 'user' of type string is deprecated in 22.2 and scheduled to be removed in 27.2. Use 'users' list instead.
Aug 12 07:45:37 srv579909 cloud-init[1506]: #############################################################
Aug 12 07:45:37 srv579909 cloud-init[1507]: -----BEGIN SSH HOST KEY FINGERPRINTS-----
Aug 12 07:45:37 srv579909 cloud-init[1509]: 256 SHA256:EkvrHYY2iAfGEeF5aqctUAWhq3uXuwA99SPyyuoYYtA root@srv579909 (ECDSA)
Aug 12 07:45:37 srv579909 cloud-init[1511]: 256 SHA256:fzDwTQe4MPDMZJLjsEGJMijGx1115XPfSia+Db+IrN0 root@srv579909 (ED25519)
Aug 12 07:45:37 srv579909 cloud-init[1513]: 3072 SHA256:RhNWIoFLnkv0Ot8SeXA8G8ZMjXZuopmzZQxAEULk7qI root@srv579909 (RSA)
Aug 12 07:45:37 srv579909 cloud-init[1514]: -----END SSH HOST KEY FINGERPRINTS-----
Aug 12 07:45:37 srv579909 cloud-init[1515]: #############################################################
Aug 12 07:45:37 srv579909 cloud-init[1068]: Cloud-init v. 24.1.3-0ubuntu3.3 finished at Mon, 12 Aug 2024 07:45:37 +0000. Datasource DataSourceNoCloud [seed=/dev/sr0][dsmode=net].  Up 21.12 seconds
Aug 12 07:45:37 srv579909 systemd[1]: cloud-final.service: Main process exited, code=exited, status=1/FAILURE
Aug 12 07:45:37 srv579909 systemd[1]: cloud-final.service: Failed with result 'exit-code'.
Aug 12 07:45:37 srv579909 systemd[1]: cloud-final.service: Unit process 1067 (sh) remains running after unit stopped.
Aug 12 07:45:37 srv579909 systemd[1]: Failed to start cloud-final.service - Execute cloud user/final scripts.
Aug 12 07:45:37 srv579909 systemd[1]: Reached target cloud-init.target - Cloud-init target.
-- Boot c1bd4e2325914469bba64134a200e2b5 --
Aug 12 07:46:11 srv579909 systemd[1]: Starting cloud-init-local.service - Initial cloud-init job (pre-networking)...
Aug 12 07:46:11 srv579909 cloud-init[653]: Cloud-init v. 24.1.3-0ubuntu3.3 running 'init-local' at Mon, 12 Aug 2024 07:46:11 +0000. Up 4.01 seconds.
Aug 12 07:46:11 srv579909 systemd[1]: Finished cloud-init-local.service - Initial cloud-init job (pre-networking).
Aug 12 07:46:13 srv579909 systemd[1]: Starting cloud-init.service - Initial cloud-init job (metadata service crawler)...
Aug 12 07:46:14 srv579909 cloud-init[674]: Cloud-init v. 24.1.3-0ubuntu3.3 running 'init' at Mon, 12 Aug 2024 07:46:14 +0000. Up 6.46 seconds.
Aug 12 07:46:14 srv579909 cloud-init[674]: ci-info: +++++++++++++++++++++++++++++++++++++++Net device info+++++++++++++++++++++++++++++++++++++++
Aug 12 07:46:14 srv579909 cloud-init[674]: ci-info: +--------+------+------------------------------+---------------+--------+-------------------+
Aug 12 07:46:14 srv579909 cloud-init[674]: ci-info: | Device |  Up  |           Address            |      Mask     | Scope  |     Hw-Address    |
Aug 12 07:46:14 srv579909 cloud-init[674]: ci-info: +--------+------+------------------------------+---------------+--------+-------------------+
Aug 12 07:46:14 srv579909 cloud-init[674]: ci-info: |  eth0  | True |        82.112.230.236        | 255.255.255.0 | global | bc:24:11:5a:b1:d8 |
Aug 12 07:46:14 srv579909 cloud-init[674]: ci-info: |  eth0  | True |   2a02:4780:12:eebf::1/48    |       .       | global | bc:24:11:5a:b1:d8 |
Aug 12 07:46:14 srv579909 cloud-init[674]: ci-info: |  eth0  | True | fe80::be24:11ff:fe5a:b1d8/64 |       .       |  link  | bc:24:11:5a:b1:d8 |
Aug 12 07:46:14 srv579909 cloud-init[674]: ci-info: |   lo   | True |          127.0.0.1           |   255.0.0.0   |  host  |         .         |
Aug 12 07:46:14 srv579909 cloud-init[674]: ci-info: |   lo   | True |           ::1/128            |       .       |  host  |         .         |
Aug 12 07:46:14 srv579909 cloud-init[674]: ci-info: +--------+------+------------------------------+---------------+--------+-------------------+
Aug 12 07:46:14 srv579909 cloud-init[674]: ci-info: +++++++++++++++++++++++++++++++Route IPv4 info+++++++++++++++++++++++++++++++
Aug 12 07:46:14 srv579909 cloud-init[674]: ci-info: +-------+--------------+----------------+---------------+-----------+-------+
Aug 12 07:46:14 srv579909 cloud-init[674]: ci-info: | Route | Destination  |    Gateway     |    Genmask    | Interface | Flags |
Aug 12 07:46:14 srv579909 cloud-init[674]: ci-info: +-------+--------------+----------------+---------------+-----------+-------+
Aug 12 07:46:14 srv579909 cloud-init[674]: ci-info: |   0   |   0.0.0.0    | 82.112.230.254 |    0.0.0.0    |    eth0   |   UG  |
Aug 12 07:46:14 srv579909 cloud-init[674]: ci-info: |   1   | 82.112.230.0 |    0.0.0.0     | 255.255.255.0 |    eth0   |   U   |
Aug 12 07:46:14 srv579909 cloud-init[674]: ci-info: +-------+--------------+----------------+---------------+-----------+-------+
Aug 12 07:46:14 srv579909 cloud-init[674]: ci-info: ++++++++++++++++++++++++++Route IPv6 info++++++++++++++++++++++++++
Aug 12 07:46:14 srv579909 cloud-init[674]: ci-info: +-------+-------------------+-----------------+-----------+-------+
Aug 12 07:46:14 srv579909 cloud-init[674]: ci-info: | Route |    Destination    |     Gateway     | Interface | Flags |
Aug 12 07:46:14 srv579909 cloud-init[674]: ci-info: +-------+-------------------+-----------------+-----------+-------+
Aug 12 07:46:14 srv579909 cloud-init[674]: ci-info: |   0   | 2a02:4780:12::/48 |        ::       |    eth0   |   U   |
Aug 12 07:46:14 srv579909 cloud-init[674]: ci-info: |   1   |     fe80::/64     |        ::       |    eth0   |   U   |
Aug 12 07:46:14 srv579909 cloud-init[674]: ci-info: |   2   |        ::/0       | 2a02:4780:12::1 |    eth0   |   UG  |
Aug 12 07:46:14 srv579909 cloud-init[674]: ci-info: |   4   |       local       |        ::       |    eth0   |   U   |
Aug 12 07:46:14 srv579909 cloud-init[674]: ci-info: |   5   |       local       |        ::       |    eth0   |   U   |
Aug 12 07:46:14 srv579909 cloud-init[674]: ci-info: |   6   |     multicast     |        ::       |    eth0   |   U   |
Aug 12 07:46:14 srv579909 cloud-init[674]: ci-info: +-------+-------------------+-----------------+-----------+-------+
Aug 12 07:46:14 srv579909 systemd[1]: Finished cloud-init.service - Initial cloud-init job (metadata service crawler).
Aug 12 07:46:14 srv579909 systemd[1]: Reached target cloud-config.target - Cloud-config availability.
Aug 12 07:46:14 srv579909 systemd[1]: Listening on cloud-init-hotplugd.socket - cloud-init hotplug hook socket.
Aug 12 07:46:14 srv579909 systemd[1]: Starting cloud-config.service - Apply the settings specified in cloud-config...
Aug 12 07:46:14 srv579909 cloud-init[837]: Cloud-init v. 24.1.3-0ubuntu3.3 running 'modules:config' at Mon, 12 Aug 2024 07:46:14 +0000. Up 6.90 seconds.
Aug 12 07:46:14 srv579909 systemd[1]: Finished cloud-config.service - Apply the settings specified in cloud-config.
Aug 12 07:46:14 srv579909 systemd[1]: Starting cloud-final.service - Execute cloud user/final scripts...
Aug 12 07:46:14 srv579909 cloud-init[872]: Cloud-init v. 24.1.3-0ubuntu3.3 running 'modules:final' at Mon, 12 Aug 2024 07:46:14 +0000. Up 7.28 seconds.
Aug 12 07:46:14 srv579909 cloud-init[872]: Cloud-init v. 24.1.3-0ubuntu3.3 finished at Mon, 12 Aug 2024 07:46:14 +0000. Datasource DataSourceNoCloud [seed=/dev/sr0][dsmode=net].  Up 7.34 seconds
Aug 12 07:46:14 srv579909 systemd[1]: Finished cloud-final.service - Execute cloud user/final scripts.
Aug 12 07:46:14 srv579909 systemd[1]: Reached target cloud-init.target - Cloud-init target.
Oct 08 21:38:44 srv579909 systemd[1]: Stopped target cloud-init.target - Cloud-init target.
Oct 08 21:38:44 srv579909 systemd[1]: cloud-init-hotplugd.socket: Deactivated successfully.
Oct 08 21:38:44 srv579909 systemd[1]: Closed cloud-init-hotplugd.socket - cloud-init hotplug hook socket.
Oct 08 21:38:44 srv579909 systemd[1]: cloud-final.service: Deactivated successfully.
Oct 08 21:38:44 srv579909 systemd[1]: Stopped cloud-final.service - Cloud-init: Final Stage.
Oct 08 21:38:44 srv579909 systemd[1]: cloud-config.service: Deactivated successfully.
Oct 08 21:38:44 srv579909 systemd[1]: Stopped cloud-config.service - Cloud-init: Config Stage.
Oct 08 21:38:44 srv579909 systemd[1]: Stopped target cloud-config.target - Cloud-config availability.
Oct 08 21:38:46 srv579909 systemd[1]: cloud-init.service: Deactivated successfully.
Oct 08 21:38:46 srv579909 systemd[1]: Stopped cloud-init.service - Cloud-init: Network Stage.
Oct 08 21:38:46 srv579909 systemd[1]: cloud-init-local.service: Deactivated successfully.
Oct 08 21:38:46 srv579909 systemd[1]: Stopped cloud-init-local.service - Cloud-init: Local Stage (pre-network).
-- Boot d35ed3e82abc4e3694300e548dcd3ecc --
Oct 08 21:40:06 srv579909 systemd[1]: Starting cloud-init-local.service - Cloud-init: Local Stage (pre-network)...
Oct 08 21:40:07 srv579909 cloud-init[662]: Cloud-init v. 24.3.1-0ubuntu0~24.04.2 running 'init-local' at Tue, 08 Oct 2024 21:40:07 +0000. Up 10.22 seconds.
Oct 08 21:40:07 srv579909 systemd[1]: Finished cloud-init-local.service - Cloud-init: Local Stage (pre-network).
Oct 08 21:40:09 srv579909 systemd[1]: Starting cloud-init.service - Cloud-init: Network Stage...
Oct 08 21:40:10 srv579909 cloud-init[684]: Cloud-init v. 24.3.1-0ubuntu0~24.04.2 running 'init' at Tue, 08 Oct 2024 21:40:10 +0000. Up 12.74 seconds.
Oct 08 21:40:10 srv579909 cloud-init[684]: ci-info: +++++++++++++++++++++++++++++++++++++++Net device info+++++++++++++++++++++++++++++++++++++++
Oct 08 21:40:10 srv579909 cloud-init[684]: ci-info: +--------+------+------------------------------+---------------+--------+-------------------+
Oct 08 21:40:10 srv579909 cloud-init[684]: ci-info: | Device |  Up  |           Address            |      Mask     | Scope  |     Hw-Address    |
Oct 08 21:40:10 srv579909 cloud-init[684]: ci-info: +--------+------+------------------------------+---------------+--------+-------------------+
Oct 08 21:40:10 srv579909 cloud-init[684]: ci-info: |  eth0  | True |        82.112.230.236        | 255.255.255.0 | global | bc:24:11:5a:b1:d8 |
Oct 08 21:40:10 srv579909 cloud-init[684]: ci-info: |  eth0  | True |   2a02:4780:12:eebf::1/48    |       .       | global | bc:24:11:5a:b1:d8 |
Oct 08 21:40:10 srv579909 cloud-init[684]: ci-info: |  eth0  | True | fe80::be24:11ff:fe5a:b1d8/64 |       .       |  link  | bc:24:11:5a:b1:d8 |
Oct 08 21:40:10 srv579909 cloud-init[684]: ci-info: |   lo   | True |          127.0.0.1           |   255.0.0.0   |  host  |         .         |
Oct 08 21:40:10 srv579909 cloud-init[684]: ci-info: |   lo   | True |           ::1/128            |       .       |  host  |         .         |
Oct 08 21:40:10 srv579909 cloud-init[684]: ci-info: +--------+------+------------------------------+---------------+--------+-------------------+
Oct 08 21:40:10 srv579909 cloud-init[684]: ci-info: +++++++++++++++++++++++++++++++Route IPv4 info+++++++++++++++++++++++++++++++
Oct 08 21:40:10 srv579909 cloud-init[684]: ci-info: +-------+--------------+----------------+---------------+-----------+-------+
Oct 08 21:40:10 srv579909 cloud-init[684]: ci-info: | Route | Destination  |    Gateway     |    Genmask    | Interface | Flags |
Oct 08 21:40:10 srv579909 cloud-init[684]: ci-info: +-------+--------------+----------------+---------------+-----------+-------+
Oct 08 21:40:10 srv579909 cloud-init[684]: ci-info: |   0   |   0.0.0.0    | 82.112.230.254 |    0.0.0.0    |    eth0   |   UG  |
Oct 08 21:40:10 srv579909 cloud-init[684]: ci-info: |   1   | 82.112.230.0 |    0.0.0.0     | 255.255.255.0 |    eth0   |   U   |
Oct 08 21:40:10 srv579909 cloud-init[684]: ci-info: +-------+--------------+----------------+---------------+-----------+-------+
Oct 08 21:40:10 srv579909 cloud-init[684]: ci-info: ++++++++++++++++++++++++++Route IPv6 info++++++++++++++++++++++++++
Oct 08 21:40:10 srv579909 cloud-init[684]: ci-info: +-------+-------------------+-----------------+-----------+-------+
Oct 08 21:40:10 srv579909 cloud-init[684]: ci-info: | Route |    Destination    |     Gateway     | Interface | Flags |
Oct 08 21:40:10 srv579909 cloud-init[684]: ci-info: +-------+-------------------+-----------------+-----------+-------+
Oct 08 21:40:10 srv579909 cloud-init[684]: ci-info: |   0   | 2a02:4780:12::/48 |        ::       |    eth0   |   U   |
Oct 08 21:40:10 srv579909 cloud-init[684]: ci-info: |   1   |     fe80::/64     |        ::       |    eth0   |   U   |
Oct 08 21:40:10 srv579909 cloud-init[684]: ci-info: |   2   |        ::/0       | 2a02:4780:12::1 |    eth0   |   UG  |
Oct 08 21:40:10 srv579909 cloud-init[684]: ci-info: |   4   |       local       |        ::       |    eth0   |   U   |
Oct 08 21:40:10 srv579909 cloud-init[684]: ci-info: |   5   |       local       |        ::       |    eth0   |   U   |
Oct 08 21:40:10 srv579909 cloud-init[684]: ci-info: |   6   |     multicast     |        ::       |    eth0   |   U   |
Oct 08 21:40:10 srv579909 cloud-init[684]: ci-info: +-------+-------------------+-----------------+-----------+-------+
Oct 08 21:40:10 srv579909 systemd[1]: Finished cloud-init.service - Cloud-init: Network Stage.
Oct 08 21:40:10 srv579909 systemd[1]: Reached target cloud-config.target - Cloud-config availability.
Oct 08 21:40:10 srv579909 systemd[1]: Listening on cloud-init-hotplugd.socket - cloud-init hotplug hook socket.
Oct 08 21:40:10 srv579909 systemd[1]: Starting cloud-config.service - Cloud-init: Config Stage...
Oct 08 21:40:10 srv579909 cloud-init[889]: Cloud-init v. 24.3.1-0ubuntu0~24.04.2 running 'modules:config' at Tue, 08 Oct 2024 21:40:10 +0000. Up 13.52 seconds.
Oct 08 21:40:10 srv579909 systemd[1]: Finished cloud-config.service - Cloud-init: Config Stage.
Oct 08 21:40:13 srv579909 systemd[1]: Starting cloud-final.service - Cloud-init: Final Stage...
Oct 08 21:40:14 srv579909 cloud-init[1313]: Cloud-init v. 24.3.1-0ubuntu0~24.04.2 running 'modules:final' at Tue, 08 Oct 2024 21:40:13 +0000. Up 16.67 seconds.
Oct 08 21:40:14 srv579909 cloud-init[1313]: Cloud-init v. 24.3.1-0ubuntu0~24.04.2 finished at Tue, 08 Oct 2024 21:40:14 +0000. Datasource DataSourceNoCloud [seed=/dev/sr0].  Up 16.73 seconds
Oct 08 21:40:14 srv579909 systemd[1]: Finished cloud-final.service - Cloud-init: Final Stage.
Oct 08 21:40:14 srv579909 systemd[1]: Reached target cloud-init.target - Cloud-init target.
Oct 08 22:06:21 srv579909 systemd[1]: Stopped target cloud-init.target - Cloud-init target.
Oct 08 22:06:21 srv579909 systemd[1]: cloud-init-hotplugd.socket: Deactivated successfully.
Oct 08 22:06:21 srv579909 systemd[1]: Closed cloud-init-hotplugd.socket - cloud-init hotplug hook socket.
Oct 08 22:06:21 srv579909 systemd[1]: cloud-final.service: Deactivated successfully.
Oct 08 22:06:21 srv579909 systemd[1]: Stopped cloud-final.service - Cloud-init: Final Stage.
Oct 08 22:06:21 srv579909 systemd[1]: cloud-config.service: Deactivated successfully.
Oct 08 22:06:21 srv579909 systemd[1]: Stopped cloud-config.service - Cloud-init: Config Stage.
Oct 08 22:06:21 srv579909 systemd[1]: Stopped target cloud-config.target - Cloud-config availability.
Oct 08 22:06:24 srv579909 systemd[1]: cloud-init.service: Deactivated successfully.
Oct 08 22:06:24 srv579909 systemd[1]: Stopped cloud-init.service - Cloud-init: Network Stage.
Oct 08 22:06:24 srv579909 systemd[1]: cloud-init-local.service: Deactivated successfully.
Oct 08 22:06:24 srv579909 systemd[1]: Stopped cloud-init-local.service - Cloud-init: Local Stage (pre-network).
-- Boot 6cd0a0b1bbc64fe28db4ab5bc67598d2 --
Oct 08 22:06:40 srv579909 systemd[1]: Starting cloud-init-local.service - Cloud-init: Local Stage (pre-network)...
Oct 08 22:06:41 srv579909 cloud-init[659]: Cloud-init v. 24.3.1-0ubuntu0~24.04.2 running 'init-local' at Tue, 08 Oct 2024 22:06:41 +0000. Up 5.15 seconds.
Oct 08 22:06:41 srv579909 systemd[1]: Finished cloud-init-local.service - Cloud-init: Local Stage (pre-network).
Oct 08 22:06:43 srv579909 systemd[1]: Starting cloud-init.service - Cloud-init: Network Stage...
Oct 08 22:06:43 srv579909 cloud-init[679]: Cloud-init v. 24.3.1-0ubuntu0~24.04.2 running 'init' at Tue, 08 Oct 2024 22:06:43 +0000. Up 7.37 seconds.
Oct 08 22:06:43 srv579909 cloud-init[679]: ci-info: +++++++++++++++++++++++++++++++++++++++Net device info+++++++++++++++++++++++++++++++++++++++
Oct 08 22:06:43 srv579909 cloud-init[679]: ci-info: +--------+------+------------------------------+---------------+--------+-------------------+
Oct 08 22:06:43 srv579909 cloud-init[679]: ci-info: | Device |  Up  |           Address            |      Mask     | Scope  |     Hw-Address    |
Oct 08 22:06:43 srv579909 cloud-init[679]: ci-info: +--------+------+------------------------------+---------------+--------+-------------------+
Oct 08 22:06:43 srv579909 cloud-init[679]: ci-info: |  eth0  | True |        82.112.230.236        | 255.255.255.0 | global | bc:24:11:5a:b1:d8 |
Oct 08 22:06:43 srv579909 cloud-init[679]: ci-info: |  eth0  | True |   2a02:4780:12:eebf::1/48    |       .       | global | bc:24:11:5a:b1:d8 |
Oct 08 22:06:43 srv579909 cloud-init[679]: ci-info: |  eth0  | True | fe80::be24:11ff:fe5a:b1d8/64 |       .       |  link  | bc:24:11:5a:b1:d8 |
Oct 08 22:06:43 srv579909 cloud-init[679]: ci-info: |   lo   | True |          127.0.0.1           |   255.0.0.0   |  host  |         .         |
Oct 08 22:06:43 srv579909 cloud-init[679]: ci-info: |   lo   | True |           ::1/128            |       .       |  host  |         .         |
Oct 08 22:06:43 srv579909 cloud-init[679]: ci-info: +--------+------+------------------------------+---------------+--------+-------------------+
Oct 08 22:06:43 srv579909 cloud-init[679]: ci-info: +++++++++++++++++++++++++++++++Route IPv4 info+++++++++++++++++++++++++++++++
Oct 08 22:06:43 srv579909 cloud-init[679]: ci-info: +-------+--------------+----------------+---------------+-----------+-------+
Oct 08 22:06:43 srv579909 cloud-init[679]: ci-info: | Route | Destination  |    Gateway     |    Genmask    | Interface | Flags |
Oct 08 22:06:43 srv579909 cloud-init[679]: ci-info: +-------+--------------+----------------+---------------+-----------+-------+
Oct 08 22:06:43 srv579909 cloud-init[679]: ci-info: |   0   |   0.0.0.0    | 82.112.230.254 |    0.0.0.0    |    eth0   |   UG  |
Oct 08 22:06:43 srv579909 cloud-init[679]: ci-info: |   1   | 82.112.230.0 |    0.0.0.0     | 255.255.255.0 |    eth0   |   U   |
Oct 08 22:06:43 srv579909 cloud-init[679]: ci-info: +-------+--------------+----------------+---------------+-----------+-------+
Oct 08 22:06:43 srv579909 cloud-init[679]: ci-info: ++++++++++++++++++++++++++Route IPv6 info++++++++++++++++++++++++++
Oct 08 22:06:43 srv579909 cloud-init[679]: ci-info: +-------+-------------------+-----------------+-----------+-------+
Oct 08 22:06:43 srv579909 cloud-init[679]: ci-info: | Route |    Destination    |     Gateway     | Interface | Flags |
Oct 08 22:06:43 srv579909 cloud-init[679]: ci-info: +-------+-------------------+-----------------+-----------+-------+
Oct 08 22:06:43 srv579909 cloud-init[679]: ci-info: |   0   | 2a02:4780:12::/48 |        ::       |    eth0   |   U   |
Oct 08 22:06:43 srv579909 cloud-init[679]: ci-info: |   1   |     fe80::/64     |        ::       |    eth0   |   U   |
Oct 08 22:06:43 srv579909 cloud-init[679]: ci-info: |   2   |        ::/0       | 2a02:4780:12::1 |    eth0   |   UG  |
Oct 08 22:06:43 srv579909 cloud-init[679]: ci-info: |   4   |       local       |        ::       |    eth0   |   U   |
Oct 08 22:06:43 srv579909 cloud-init[679]: ci-info: |   5   |       local       |        ::       |    eth0   |   U   |
Oct 08 22:06:43 srv579909 cloud-init[679]: ci-info: |   6   |     multicast     |        ::       |    eth0   |   U   |
Oct 08 22:06:43 srv579909 cloud-init[679]: ci-info: +-------+-------------------+-----------------+-----------+-------+
Oct 08 22:06:43 srv579909 systemd[1]: Finished cloud-init.service - Cloud-init: Network Stage.
Oct 08 22:06:43 srv579909 systemd[1]: Reached target cloud-config.target - Cloud-config availability.
Oct 08 22:06:44 srv579909 systemd[1]: Listening on cloud-init-hotplugd.socket - cloud-init hotplug hook socket.
Oct 08 22:06:44 srv579909 systemd[1]: Starting cloud-config.service - Cloud-init: Config Stage...
Oct 08 22:06:44 srv579909 cloud-init[876]: Cloud-init v. 24.3.1-0ubuntu0~24.04.2 running 'modules:config' at Tue, 08 Oct 2024 22:06:44 +0000. Up 8.19 seconds.
Oct 08 22:06:44 srv579909 systemd[1]: Finished cloud-config.service - Cloud-init: Config Stage.
Oct 08 22:06:44 srv579909 systemd[1]: Starting cloud-final.service - Cloud-init: Final Stage...
Oct 08 22:06:45 srv579909 cloud-init[982]: Cloud-init v. 24.3.1-0ubuntu0~24.04.2 running 'modules:final' at Tue, 08 Oct 2024 22:06:45 +0000. Up 8.78 seconds.
Oct 08 22:06:45 srv579909 cloud-init[982]: Cloud-init v. 24.3.1-0ubuntu0~24.04.2 finished at Tue, 08 Oct 2024 22:06:45 +0000. Datasource DataSourceNoCloud [seed=/dev/sr0].  Up 8.84 seconds
Oct 08 22:06:45 srv579909 systemd[1]: Finished cloud-final.service - Cloud-init: Final Stage.
Oct 08 22:06:45 srv579909 systemd[1]: Reached target cloud-init.target - Cloud-init target.
Oct 08 23:07:00 srv579909 systemd[1]: Stopped target cloud-init.target - Cloud-init target.
Oct 08 23:07:00 srv579909 systemd[1]: cloud-init-hotplugd.socket: Deactivated successfully.
Oct 08 23:07:00 srv579909 systemd[1]: Closed cloud-init-hotplugd.socket - cloud-init hotplug hook socket.
Oct 08 23:07:00 srv579909 systemd[1]: cloud-final.service: Deactivated successfully.
Oct 08 23:07:00 srv579909 systemd[1]: Stopped cloud-final.service - Cloud-init: Final Stage.
Oct 08 23:07:00 srv579909 systemd[1]: cloud-config.service: Deactivated successfully.
Oct 08 23:07:00 srv579909 systemd[1]: Stopped cloud-config.service - Cloud-init: Config Stage.
Oct 08 23:07:00 srv579909 systemd[1]: Stopped target cloud-config.target - Cloud-config availability.
Oct 08 23:07:03 srv579909 systemd[1]: cloud-init.service: Deactivated successfully.
Oct 08 23:07:03 srv579909 systemd[1]: Stopped cloud-init.service - Cloud-init: Network Stage.
Oct 08 23:07:03 srv579909 systemd[1]: cloud-init-local.service: Deactivated successfully.
Oct 08 23:07:03 srv579909 systemd[1]: Stopped cloud-init-local.service - Cloud-init: Local Stage (pre-network).
-- Boot 81bf9d73a8f34d59a976bcbb950c48b1 --
Oct 08 23:07:17 srv579909 systemd[1]: Starting cloud-init-local.service - Cloud-init: Local Stage (pre-network)...
Oct 08 23:07:18 srv579909 cloud-init[657]: Cloud-init v. 24.3.1-0ubuntu0~24.04.2 running 'init-local' at Tue, 08 Oct 2024 23:07:18 +0000. Up 5.20 seconds.
Oct 08 23:07:18 srv579909 systemd[1]: Finished cloud-init-local.service - Cloud-init: Local Stage (pre-network).
Oct 08 23:07:20 srv579909 systemd[1]: Starting cloud-init.service - Cloud-init: Network Stage...
Oct 08 23:07:21 srv579909 cloud-init[677]: Cloud-init v. 24.3.1-0ubuntu0~24.04.2 running 'init' at Tue, 08 Oct 2024 23:07:21 +0000. Up 7.79 seconds.
Oct 08 23:07:21 srv579909 cloud-init[677]: ci-info: +++++++++++++++++++++++++++++++++++++++Net device info+++++++++++++++++++++++++++++++++++++++
Oct 08 23:07:21 srv579909 cloud-init[677]: ci-info: +--------+------+------------------------------+---------------+--------+-------------------+
Oct 08 23:07:21 srv579909 cloud-init[677]: ci-info: | Device |  Up  |           Address            |      Mask     | Scope  |     Hw-Address    |
Oct 08 23:07:21 srv579909 cloud-init[677]: ci-info: +--------+------+------------------------------+---------------+--------+-------------------+
Oct 08 23:07:21 srv579909 cloud-init[677]: ci-info: |  eth0  | True |        82.112.230.236        | 255.255.255.0 | global | bc:24:11:5a:b1:d8 |
Oct 08 23:07:21 srv579909 cloud-init[677]: ci-info: |  eth0  | True |   2a02:4780:12:eebf::1/48    |       .       | global | bc:24:11:5a:b1:d8 |
Oct 08 23:07:21 srv579909 cloud-init[677]: ci-info: |  eth0  | True | fe80::be24:11ff:fe5a:b1d8/64 |       .       |  link  | bc:24:11:5a:b1:d8 |
Oct 08 23:07:21 srv579909 cloud-init[677]: ci-info: |   lo   | True |          127.0.0.1           |   255.0.0.0   |  host  |         .         |
Oct 08 23:07:21 srv579909 cloud-init[677]: ci-info: |   lo   | True |           ::1/128            |       .       |  host  |         .         |
Oct 08 23:07:21 srv579909 cloud-init[677]: ci-info: +--------+------+------------------------------+---------------+--------+-------------------+
Oct 08 23:07:21 srv579909 cloud-init[677]: ci-info: +++++++++++++++++++++++++++++++Route IPv4 info+++++++++++++++++++++++++++++++
Oct 08 23:07:21 srv579909 cloud-init[677]: ci-info: +-------+--------------+----------------+---------------+-----------+-------+
Oct 08 23:07:21 srv579909 cloud-init[677]: ci-info: | Route | Destination  |    Gateway     |    Genmask    | Interface | Flags |
Oct 08 23:07:21 srv579909 cloud-init[677]: ci-info: +-------+--------------+----------------+---------------+-----------+-------+
Oct 08 23:07:21 srv579909 cloud-init[677]: ci-info: |   0   |   0.0.0.0    | 82.112.230.254 |    0.0.0.0    |    eth0   |   UG  |
Oct 08 23:07:21 srv579909 cloud-init[677]: ci-info: |   1   | 82.112.230.0 |    0.0.0.0     | 255.255.255.0 |    eth0   |   U   |
Oct 08 23:07:21 srv579909 cloud-init[677]: ci-info: +-------+--------------+----------------+---------------+-----------+-------+
Oct 08 23:07:21 srv579909 cloud-init[677]: ci-info: ++++++++++++++++++++++++++Route IPv6 info++++++++++++++++++++++++++
Oct 08 23:07:21 srv579909 cloud-init[677]: ci-info: +-------+-------------------+-----------------+-----------+-------+
Oct 08 23:07:21 srv579909 cloud-init[677]: ci-info: | Route |    Destination    |     Gateway     | Interface | Flags |
Oct 08 23:07:21 srv579909 cloud-init[677]: ci-info: +-------+-------------------+-----------------+-----------+-------+
Oct 08 23:07:21 srv579909 cloud-init[677]: ci-info: |   0   | 2a02:4780:12::/48 |        ::       |    eth0   |   U   |
Oct 08 23:07:21 srv579909 cloud-init[677]: ci-info: |   1   |     fe80::/64     |        ::       |    eth0   |   U   |
Oct 08 23:07:21 srv579909 cloud-init[677]: ci-info: |   2   |        ::/0       | 2a02:4780:12::1 |    eth0   |   UG  |
Oct 08 23:07:21 srv579909 cloud-init[677]: ci-info: |   4   |       local       |        ::       |    eth0   |   U   |
Oct 08 23:07:21 srv579909 cloud-init[677]: ci-info: |   5   |       local       |        ::       |    eth0   |   U   |
Oct 08 23:07:21 srv579909 cloud-init[677]: ci-info: |   6   |     multicast     |        ::       |    eth0   |   U   |
Oct 08 23:07:21 srv579909 cloud-init[677]: ci-info: +-------+-------------------+-----------------+-----------+-------+
Oct 08 23:07:21 srv579909 systemd[1]: Finished cloud-init.service - Cloud-init: Network Stage.
Oct 08 23:07:21 srv579909 systemd[1]: Reached target cloud-config.target - Cloud-config availability.
Oct 08 23:07:21 srv579909 systemd[1]: Listening on cloud-init-hotplugd.socket - cloud-init hotplug hook socket.
Oct 08 23:07:21 srv579909 systemd[1]: Starting cloud-config.service - Cloud-init: Config Stage...
Oct 08 23:07:21 srv579909 cloud-init[874]: Cloud-init v. 24.3.1-0ubuntu0~24.04.2 running 'modules:config' at Tue, 08 Oct 2024 23:07:21 +0000. Up 8.52 seconds.
Oct 08 23:07:21 srv579909 systemd[1]: Finished cloud-config.service - Cloud-init: Config Stage.
Oct 08 23:07:22 srv579909 systemd[1]: Starting cloud-final.service - Cloud-init: Final Stage...
Oct 08 23:07:22 srv579909 cloud-init[992]: Cloud-init v. 24.3.1-0ubuntu0~24.04.2 running 'modules:final' at Tue, 08 Oct 2024 23:07:22 +0000. Up 9.14 seconds.
Oct 08 23:07:22 srv579909 cloud-init[992]: Cloud-init v. 24.3.1-0ubuntu0~24.04.2 finished at Tue, 08 Oct 2024 23:07:22 +0000. Datasource DataSourceNoCloud [seed=/dev/sr0].  Up 9.19 seconds
Oct 08 23:07:22 srv579909 systemd[1]: Finished cloud-final.service - Cloud-init: Final Stage.
Oct 08 23:07:22 srv579909 systemd[1]: Reached target cloud-init.target - Cloud-init target.
